ISim log file
Running: C:\Users\C16Alex.Sisco\Documents\ISE Projects\CE5_Sisco\task1_isim_beh.exe -intstyle ise -gui -tclbatch isim.cmd -wdb C:/Users/C16Alex.Sisco/Documents/ISE Projects/CE5_Sisco/task1_isim_beh.wdb 
ISim P.15xf (signature 0xc3576ebc)
WARNING: A WEBPACK license was found.
WARNING: Please use Xilinx License Configuration Manager to check out a full ISim license.
WARNING: ISim will run in Lite mode. Please refer to the ISim documentation for more information on the differences between the Lite and the Full version.
This is a Lite version of ISim.
Time resolution is 1 ps
# onerror resume
# wave add /
# run 1000 ns
Simulator is doing circuit initialization process.
at 0 ps, Instance /task1/uut/dp/pcadd1/ : Warning: There is an 'U'|'X'|'W'|'Z'|'-' in an arithmetic operand, the result will be 'X'(es).
at 0 ps, Instance /task1/uut/dp/mainalu/ : Warning: There is an 'U'|'X'|'W'|'Z'|'-' in an arithmetic operand, the result will be 'X'(es).
Finished circuit initialization process.
at 0 ps, Instance /task1/uut/dp/mainalu/ : Warning: There is an 'U'|'X'|'W'|'Z'|'-' in an arithmetic operand, the result will be 'X'(es).
at 0 ps, Instance /task1/uut/dp/mainalu/ : Warning: There is an 'U'|'X'|'W'|'Z'|'-' in an arithmetic operand, the result will be 'X'(es).
at 200 ns(2), Instance /task1/uut/dp/mainalu/ : Warning: There is an 'U'|'X'|'W'|'Z'|'-' in an arithmetic operand, the result will be 'X'(es).
at 230 ns(2), Instance /task1/uut/dp/mainalu/ : Warning: There is an 'U'|'X'|'W'|'Z'|'-' in an arithmetic operand, the result will be 'X'(es).
ISim P.15xf (signature 0xc3576ebc)
WARNING: A WEBPACK license was found.
WARNING: Please use Xilinx License Configuration Manager to check out a full ISim license.
WARNING: ISim will run in Lite mode. Please refer to the ISim documentation for more information on the differences between the Lite and the Full version.
This is a Lite version of ISim.
